<?xml version="1.0" encoding="UTF-8"?>
<!-- Generated by org.testng.reporters.JUnitReportReporter -->
<testsuite hostname="DESKTOP-767HIEB" failures="0" tests="1" name="com.learnAutomation.testcases.LoginTest" time="6.504" errors="0" timestamp="2023-06-26T13:35:49 IST" skipped="0">
  <testcase classname="com.learnAutomation.testcases.LoginTest" name="loginToApp" time="6.504"/>
  <system-out/>
</testsuite> <!-- com.learnAutomation.testcases.LoginTest -->
