<?xml version="1.0" encoding="UTF-8"?>
<!-- Generated by org.testng.reporters.JUnitReportReporter -->
<testsuite hostname="DESKTOP-767HIEB" failures="0" tests="1" name="com.learnautomation.sample.ExtentReport" time="1.340" errors="0" timestamp="2023-06-25T11:43:19 IST" skipped="0">
  <testcase classname="com.learnautomation.sample.ExtentReport" name="test1" time="1.340"/>
  <system-out/>
</testsuite> <!-- com.learnautomation.sample.ExtentReport -->
