<?xml version="1.0" encoding="UTF-8"?>
<!-- Generated by org.testng.reporters.JUnitReportReporter -->
<testsuite hostname="DESKTOP-767HIEB" failures="0" tests="1" name="com.learnAutomation.testcases.RegisterTest" time="17.085" errors="0" timestamp="2023-06-20T20:19:03 IST" skipped="0">
  <testcase classname="com.learnAutomation.testcases.RegisterTest" name="SignUpForApp" time="17.085"/>
  <system-out/>
</testsuite> <!-- com.learnAutomation.testcases.RegisterTest -->
